<?xml version="1.0" encoding="UTF-8"?>
<!-- Generated by org.testng.reporters.JUnitReportReporter -->
<testsuite hostname="yathishgowda-PC" failures="0" tests="3" name="testcases.SimplilearnLogin" time="97.391" errors="0" timestamp="2022-09-14T13:55:30 IST" skipped="0">
  <testcase classname="testcases.SimplilearnLogin" name="Test1" time="41.778"/>
  <system-out/>
  <testcase classname="testcases.SimplilearnLogin" name="Test3" time="28.906"/>
  <system-out/>
  <testcase classname="testcases.SimplilearnLogin" name="Test2" time="26.707"/>
  <system-out/>
</testsuite> <!-- testcases.SimplilearnLogin -->
