<?xml version="1.0" encoding="UTF-8"?>
<!-- Generated by org.testng.reporters.JUnitReportReporter -->
<testsuite hostname="yathishgowda-PC" failures="0" tests="1" name="testcases.HomeTest" time="10.855" errors="0" timestamp="2022-09-14T13:55:30 IST" skipped="0">
  <testcase classname="testcases.HomeTest" name="HomeTest1" time="10.855"/>
  <system-out/>
</testsuite> <!-- testcases.HomeTest -->
