<?xml version="1.0" encoding="UTF-8"?>
<!-- Generated by org.testng.reporters.JUnitReportReporter -->
<testsuite skipped="0" hostname="yathishgowda-PC" name="testcases.HomeTest" tests="1" failures="0" timestamp="2022-09-24T08:35:14 IST" time="16.190" errors="0">
  <testcase name="HomeTest1" time="16.190" classname="testcases.HomeTest"/>
  <system-out/>
</testsuite> <!-- testcases.HomeTest -->
