<?xml version="1.0" encoding="UTF-8"?>
<!-- Generated by org.testng.reporters.JUnitReportReporter -->
<testsuite skipped="0" hostname="yathishgowda-PC" name="testcases.SimplilearnLogin" tests="3" failures="0" timestamp="2022-09-24T08:35:14 IST" time="121.442" errors="0">
  <testcase name="Test1" time="45.149" classname="testcases.SimplilearnLogin"/>
  <system-out/>
  <testcase name="Test2" time="39.069" classname="testcases.SimplilearnLogin"/>
  <system-out/>
  <testcase name="Test3" time="37.224" classname="testcases.SimplilearnLogin"/>
  <system-out/>
</testsuite> <!-- testcases.SimplilearnLogin -->
