<?xml version="1.0" encoding="UTF-8"?>
<!-- Generated by org.testng.reporters.JUnitReportReporter -->
<testsuite skipped="0" hostname="yathishgowda-PC" name="testcases.HomeTest" tests="1" failures="0" timestamp="2022-09-14T08:26:54 IST" time="8.192" errors="0">
  <testcase name="HomeTest1" time="8.192" classname="testcases.HomeTest"/>
  <system-out/>
</testsuite> <!-- testcases.HomeTest -->
