<?xml version="1.0" encoding="UTF-8"?>
<!-- Generated by org.testng.reporters.JUnitReportReporter -->
<testsuite skipped="0" hostname="yathishgowda-PC" name="testcases.SimplilearnLogin" tests="3" failures="0" timestamp="2022-09-21T21:28:24 IST" time="136.905" errors="0">
  <testcase name="Test1" time="46.911" classname="testcases.SimplilearnLogin"/>
  <system-out/>
  <testcase name="Test2" time="55.846" classname="testcases.SimplilearnLogin"/>
  <system-out/>
  <testcase name="Test3" time="34.148" classname="testcases.SimplilearnLogin"/>
  <system-out/>
</testsuite> <!-- testcases.SimplilearnLogin -->
