<?xml version="1.0" encoding="UTF-8"?>
<!-- Generated by org.testng.reporters.JUnitReportReporter -->
<testsuite skipped="0" hostname="yathishgowda-PC" name="testcases.HomeTest" tests="1" failures="0" timestamp="2022-09-21T21:28:24 IST" time="9.706" errors="0">
  <testcase name="HomeTest1" time="9.706" classname="testcases.HomeTest"/>
  <system-out/>
</testsuite> <!-- testcases.HomeTest -->
