<?xml version="1.0" encoding="UTF-8"?>
<!-- Generated by org.testng.reporters.JUnitReportReporter -->
<testsuite skipped="0" hostname="yathishgowda-PC" name="testcases.SimplilearnLogin" tests="2" failures="0" timestamp="2022-09-14T08:26:54 IST" time="45.108" errors="0">
  <testcase name="Test1" time="23.360" classname="testcases.SimplilearnLogin"/>
  <system-out/>
  <testcase name="Test2" time="21.748" classname="testcases.SimplilearnLogin"/>
  <system-out/>
</testsuite> <!-- testcases.SimplilearnLogin -->
